# JRE version: OpenJDK Runtime Environment (8.0_202) (build 1.8.0_202-release-1483-b49-5587405)
# Java VM: OpenJDK 64-Bit Server VM (25.202-b49-5587405 mixed mode linux-amd64 compressed oops)
Heap:
 PSYoungGen      total 273408K, used 18959K [0x00000000e0000000, 0x00000000f2600000, 0x0000000100000000)
  eden space 248832K, 0% used [0x00000000e0000000,0x00000000e0000000,0x00000000ef300000)
  from space 24576K, 77% used [0x00000000ef600000,0x00000000f0883f20,0x00000000f0e00000)
  to   space 19968K, 0% used [0x00000000f1280000,0x00000000f1280000,0x00000000f2600000)
 ParOldGen       total 134656K, used 56607K [0x00000000a0000000, 0x00000000a8380000, 0x00000000e0000000)
  object space 134656K, 42% used [0x00000000a0000000,0x00000000a3747f18,0x00000000a8380000)
 Metaspace       used 64274K, capacity 66850K, committed 66984K, reserved 1107968K
  class space    used 8708K, capacity 9338K, committed 9384K, reserved 1048576K
GC Heap History (10 events):
Event: 13.733 GC heap after
Heap after GC invocations=11 (full 2):
 PSYoungGen      total 164352K, used 14311K [0x00000000e0000000, 0x00000000ee300000, 0x0000000100000000)
  eden space 150016K, 0% used [0x00000000e0000000,0x00000000e0000000,0x00000000e9280000)
  from space 14336K, 99% used [0x00000000e9280000,0x00000000ea079db0,0x00000000ea080000)
  to   space 17408K, 0% used [0x00000000ed200000,0x00000000ed200000,0x00000000ee300000)
 ParOldGen       total 85504K, used 22159K [0x00000000a0000000, 0x00000000a5380000, 0x00000000e0000000)
  object space 85504K, 25% used [0x00000000a0000000,0x00000000a15a3e68,0x00000000a5380000)
 Metaspace       used 46351K, capacity 47640K, committed 47912K, reserved 1091584K
  class space    used 6249K, capacity 6658K, committed 6696K, reserved 1048576K
}
Event: 15.475 GC heap before
{Heap before GC invocations=12 (full 2):
 PSYoungGen      total 164352K, used 164327K [0x00000000e0000000, 0x00000000ee300000, 0x0000000100000000)
  eden space 150016K, 100% used [0x00000000e0000000,0x00000000e9280000,0x00000000e9280000)
  from space 14336K, 99% used [0x00000000e9280000,0x00000000ea079db0,0x00000000ea080000)
  to   space 17408K, 0% used [0x00000000ed200000,0x00000000ed200000,0x00000000ee300000)
 ParOldGen       total 85504K, used 22159K [0x00000000a0000000, 0x00000000a5380000, 0x00000000e0000000)
  object space 85504K, 25% used [0x00000000a0000000,0x00000000a15a3e68,0x00000000a5380000)
 Metaspace       used 54771K, capacity 56416K, committed 56616K, reserved 1097728K
  class space    used 7430K, capacity 7899K, committed 7976K, reserved 1048576K
Event: 15.513 GC heap after
Heap after GC invocations=12 (full 2):
 PSYoungGen      total 209408K, used 17380K [0x00000000e0000000, 0x00000000eed80000, 0x0000000100000000)
  eden space 192000K, 0% used [0x00000000e0000000,0x00000000e0000000,0x00000000ebb80000)
  from space 17408K, 99% used [0x00000000ed200000,0x00000000ee2f9340,0x00000000ee300000)
  to   space 23040K, 0% used [0x00000000ebb80000,0x00000000ebb80000,0x00000000ed200000)
 ParOldGen       total 85504K, used 30707K [0x00000000a0000000, 0x00000000a5380000, 0x00000000e0000000)
  object space 85504K, 35% used [0x00000000a0000000,0x00000000a1dfce18,0x00000000a5380000)
 Metaspace       used 54771K, capacity 56416K, committed 56616K, reserved 1097728K
  class space    used 7430K, capacity 7899K, committed 7976K, reserved 1048576K
}
Event: 20.128 GC heap before
{Heap before GC invocations=13 (full 2):
 PSYoungGen      total 209408K, used 66629K [0x00000000e0000000, 0x00000000eed80000, 0x0000000100000000)
  eden space 192000K, 25% used [0x00000000e0000000,0x00000000e30183a0,0x00000000ebb80000)
  from space 17408K, 99% used [0x00000000ed200000,0x00000000ee2f9340,0x00000000ee300000)
  to   space 23040K, 0% used [0x00000000ebb80000,0x00000000ebb80000,0x00000000ed200000)
 ParOldGen       total 85504K, used 30707K [0x00000000a0000000, 0x00000000a5380000, 0x00000000e0000000)
  object space 85504K, 35% used [0x00000000a0000000,0x00000000a1dfce18,0x00000000a5380000)
 Metaspace       used 57031K, capacity 59024K, committed 59160K, reserved 1099776K
  class space    used 7755K, capacity 8287K, committed 8360K, reserved 1048576K
Event: 20.357 GC heap after
Heap after GC invocations=13 (full 2):
 PSYoungGen      total 215040K, used 5940K [0x00000000e0000000, 0x00000000f2880000, 0x0000000100000000)
  eden space 192000K, 0% used [0x00000000e0000000,0x00000000e0000000,0x00000000ebb80000)
  from space 23040K, 25% used [0x00000000ebb80000,0x00000000ec14d0a8,0x00000000ed200000)
  to   space 22528K, 0% used [0x00000000f1280000,0x00000000f1280000,0x00000000f2880000)
 ParOldGen       total 85504K, used 48040K [0x00000000a0000000, 0x00000000a5380000, 0x00000000e0000000)
  object space 85504K, 56% used [0x00000000a0000000,0x00000000a2eea388,0x00000000a5380000)
 Metaspace       used 57031K, capacity 59024K, committed 59160K, reserved 1099776K
  class space    used 7755K, capacity 8287K, committed 8360K, reserved 1048576K
}
Event: 20.366 GC heap before
{Heap before GC invocations=14 (full 3):
 PSYoungGen      total 215040K, used 5940K [0x00000000e0000000, 0x00000000f2880000, 0x0000000100000000)
  eden space 192000K, 0% used [0x00000000e0000000,0x00000000e0000000,0x00000000ebb80000)
  from space 23040K, 25% used [0x00000000ebb80000,0x00000000ec14d0a8,0x00000000ed200000)
  to   space 22528K, 0% used [0x00000000f1280000,0x00000000f1280000,0x00000000f2880000)
 ParOldGen       total 85504K, used 48040K [0x00000000a0000000, 0x00000000a5380000, 0x00000000e0000000)
  object space 85504K, 56% used [0x00000000a0000000,0x00000000a2eea388,0x00000000a5380000)
 Metaspace       used 57031K, capacity 59024K, committed 59160K, reserved 1099776K
  class space    used 7755K, capacity 8287K, committed 8360K, reserved 1048576K
Event: 20.658 GC heap after
Heap after GC invocations=14 (full 3):
 PSYoungGen      total 215040K, used 0K [0x00000000e0000000, 0x00000000f2880000, 0x0000000100000000)
  eden space 192000K, 0% used [0x00000000e0000000,0x00000000e0000000,0x00000000ebb80000)
  from space 23040K, 0% used [0x00000000ebb80000,0x00000000ebb80000,0x00000000ed200000)
  to   space 22528K, 0% used [0x00000000f1280000,0x00000000f1280000,0x00000000f2880000)
 ParOldGen       total 134656K, used 42602K [0x00000000a0000000, 0x00000000a8380000, 0x00000000e0000000)
  object space 134656K, 31% used [0x00000000a0000000,0x00000000a299a948,0x00000000a8380000)
 Metaspace       used 57031K, capacity 59024K, committed 59160K, reserved 1099776K
  class space    used 7755K, capacity 8287K, committed 8360K, reserved 1048576K
}
Event: 23.835 GC heap before
{Heap before GC invocations=15 (full 3):
 PSYoungGen      total 215040K, used 192000K [0x00000000e0000000, 0x00000000f2880000, 0x0000000100000000)
  eden space 192000K, 100% used [0x00000000e0000000,0x00000000ebb80000,0x00000000ebb80000)
  from space 23040K, 0% used [0x00000000ebb80000,0x00000000ebb80000,0x00000000ed200000)
  to   space 22528K, 0% used [0x00000000f1280000,0x00000000f1280000,0x00000000f2880000)
 ParOldGen       total 134656K, used 42602K [0x00000000a0000000, 0x00000000a8380000, 0x00000000e0000000)
  object space 134656K, 31% used [0x00000000a0000000,0x00000000a299a948,0x00000000a8380000)
 Metaspace       used 62304K, capacity 64762K, committed 64936K, reserved 1105920K
  class space    used 8484K, capacity 9066K, committed 9128K, reserved 1048576K
Event: 23.869 GC heap after
Heap after GC invocations=15 (full 3):
 PSYoungGen      total 268800K, used 19457K [0x00000000e0000000, 0x00000000f2600000, 0x0000000100000000)
  eden space 248832K, 0% used [0x00000000e0000000,0x00000000e0000000,0x00000000ef300000)
  from space 19968K, 97% used [0x00000000f1280000,0x00000000f25805f8,0x00000000f2600000)
  to   space 24576K, 0% used [0x00000000ef600000,0x00000000ef600000,0x00000000f0e00000)
 ParOldGen       total 134656K, used 42610K [0x00000000a0000000, 0x00000000a8380000, 0x00000000e0000000)
  object space 134656K, 31% used [0x00000000a0000000,0x00000000a299c948,0x00000000a8380000)
 Metaspace       used 62304K, capacity 64762K, committed 64936K, reserved 1105920K
  class space    used 8484K, capacity 9066K, committed 9128K, reserved 1048576K
}
Event: 48.374 GC heap before
{Heap before GC invocations=16 (full 3):
 PSYoungGen      total 268800K, used 268289K [0x00000000e0000000, 0x00000000f2600000, 0x0000000100000000)
  eden space 248832K, 100% used [0x00000000e0000000,0x00000000ef300000,0x00000000ef300000)
  from space 19968K, 97% used [0x00000000f1280000,0x00000000f25805f8,0x00000000f2600000)
  to   space 24576K, 0% used [0x00000000ef600000,0x00000000ef600000,0x00000000f0e00000)
 ParOldGen       total 134656K, used 42610K [0x00000000a0000000, 0x00000000a8380000, 0x00000000e0000000)
  object space 134656K, 31% used [0x00000000a0000000,0x00000000a299c948,0x00000000a8380000)
 Metaspace       used 64274K, capacity 66850K, committed 66984K, reserved 1107968K
  class space    used 8708K, capacity 9338K, committed 9384K, reserved 1048576K

